  Uic'ing ImageProcessing.ui...
  Moc'ing PaintWidget.h...
  Moc'ing MainWindow.h...
  Moc'ing CustomWindow.h...
  Moc'ing CreateMenu.h...
  CreateMenu.cpp
C:\Users\wangjun\Downloads\ImageProcessing-master\ImageProcessing-master\ImageProcessing\ImageProcessing\cpp\CreateMenu.cpp(11,10): fatal error C1083: 无法打开包括文件: “opencv2/highgui/highgui.hpp”: No such file or directory
  CustomWindow.cpp
  Enhance.cpp
C:\Users\wangjun\Downloads\ImageProcessing-master\ImageProcessing-master\ImageProcessing\ImageProcessing\cpp\Enhance.cpp(5,10): fatal error C1083: 无法打开包括文件: “opencv2/highgui/highgui.hpp”: No such file or directory
  Geom.cpp
C:\Users\wangjun\Downloads\ImageProcessing-master\ImageProcessing-master\ImageProcessing\ImageProcessing\cpp\Geom.cpp(5,10): fatal error C1083: 无法打开包括文件: “opencv2/highgui/highgui.hpp”: No such file or directory
  Gray.cpp
C:\Users\wangjun\Downloads\ImageProcessing-master\ImageProcessing-master\ImageProcessing\ImageProcessing\cpp\Gray.cpp(5,10): fatal error C1083: 无法打开包括文件: “opencv2/highgui/highgui.hpp”: No such file or directory
  ImgChange.cpp
C:\Users\wangjun\Downloads\ImageProcessing-master\ImageProcessing-master\ImageProcessing\ImageProcessing\cpp\ImgChange.cpp(1,10): fatal error C1083: 无法打开包括文件: “opencv2/highgui/highgui.hpp”: No such file or directory
  main.cpp
C:\Users\wangjun\Downloads\ImageProcessing-master\ImageProcessing-master\ImageProcessing\ImageProcessing\header\MainWindow.h(10,10): fatal error C1083: 无法打开包括文件: “opencv2/highgui/highgui.hpp”: No such file or directory
  MainWindow.cpp
C:\Users\wangjun\Downloads\ImageProcessing-master\ImageProcessing-master\ImageProcessing\ImageProcessing\cpp\MainWindow.cpp(7,10): fatal error C1083: 无法打开包括文件: “opencv2/highgui/highgui.hpp”: No such file or directory
  Morp.cpp
C:\Users\wangjun\Downloads\ImageProcessing-master\ImageProcessing-master\ImageProcessing\ImageProcessing\cpp\Morp.cpp(5,10): fatal error C1083: 无法打开包括文件: “opencv2/highgui/highgui.hpp”: No such file or directory
  PaintWidget.cpp
  moc_CreateMenu.cpp
C:\Users\wangjun\Downloads\ImageProcessing-master\ImageProcessing-master\ImageProcessing\ImageProcessing\header\CreateMenu.h(9,10): fatal error C1083: 无法打开包括文件: “opencv2/highgui/highgui.hpp”: No such file or directory
  moc_CustomWindow.cpp
  moc_MainWindow.cpp
C:\Users\wangjun\Downloads\ImageProcessing-master\ImageProcessing-master\ImageProcessing\ImageProcessing\header\MainWindow.h(10,10): fatal error C1083: 无法打开包括文件: “opencv2/highgui/highgui.hpp”: No such file or directory
  moc_PaintWidget.cpp
  正在生成代码...
C:\Users\wangjun\Downloads\ImageProcessing-master\ImageProcessing-master\ImageProcessing\ImageProcessing\cpp\PaintWidget.cpp(22): warning C4715: “PaintWidget::getImage”: 不是所有的控件路径都返回值
